beginning processing 
read in: relative=False
read in: num_states=12
read in: players=evan
read in: state=lowerBound type+distance bucket+1 var+lowerBound var_mod+self index+8 vehicle+self,enemy_dist type+distance bucket+1 var+player var_mod+self index+9 vehicle+evan,enemy_heading type+raw bucket+1 var+heading var_mod+self index+11 vehicle+evan,color type+binary bucket+1 var+team var_mod+self index+4 vehicle+self,rightBound type+distance bucket+1 var+rightBound var_mod+self index+6 vehicle+self,leftBound type+distance bucket+1 var+leftBound var_mod+self index+5 vehicle+self,upperBound type+distance bucket+1 var+upperBound var_mod+self index+7 vehicle+self,flag_dist type+distance bucket+1 var+flag var_mod+enemy index+1 vehicle+self,enemy_angle type+angle bucket+1 var+player var_mod+self index+10 vehicle+evan,flag_theta type+angle bucket+1 var+flag var_mod+enemy index+2 vehicle+self,heading type+raw bucket+1 var+heading var_mod+self index+3 vehicle+self,out type+binary bucket+1 var+tagged var_mod+self index+0 vehicle+self
made pair lowerBound and index 8
made pair enemy_dist and index 9
made pair enemy_heading and index 11
made pair color and index 4
made pair rightBound and index 6
made pair leftBound and index 5
made pair upperBound and index 7
made pair flag_dist and index 1
made pair enemy_angle and index 10
made pair flag_theta and index 2
made pair heading and index 3
made pair out and index 0
read in: model_address=/home/arjun/moos-ivp-argupta/pLearn/learning_code/examples/Simple_Opponent_BHV/topModel/
wrote /home/arjun/moos-ivp-argupta/pLearn/learning_code/examples/Simple_Opponent_BHV/topModel/ to sVal
read in: actions=(2, 0):(2, 60):(2, 120):(2, 180):(2, 240):(2, 300)
wrote (2, 0):(2, 60):(2, 120):(2, 180):(2, 240):(2, 300) to vVal
read in: optimal=True
read in: epsilon=0
